<?xml version="1.0" encoding="UTF-8"?>
<!-- Generated by org.testng.reporters.JUnitReportReporter -->
<testsuite skipped="0" hostname="Lajirs-MBP" name="TestClass.TestDemo" tests="1" failures="0" timestamp="23 Feb 2020 15:20:10 GMT" time="0.009" errors="0">
  <testcase name="test1" time="0.009" classname="TestClass.TestDemo"/>
</testsuite> <!-- TestClass.TestDemo -->
