<?xml version="1.0" encoding="UTF-8"?>
<!-- Generated by org.testng.reporters.JUnitReportReporter -->
<testsuite skipped="0" hostname="Lajirs-MBP" name="TestClass.TestDemoSecond" tests="1" failures="0" timestamp="10 May 2019 20:00:34 GMT" time="0.009" errors="0">
  <testcase name="test" time="0.009" classname="TestClass.TestDemoSecond"/>
</testsuite> <!-- TestClass.TestDemoSecond -->
